[2024-12-21 11:10:24,137: INFO: main: welcome to our custom log]
[2024-12-21 11:10:50,015: INFO: main: welcome to our custom log]
[2024-12-21 14:07:53,099: INFO: common: yaml file: config\config.yaml loaded successfully]
[2024-12-21 14:08:01,308: INFO: common: yaml file: config\config.yaml loaded successfully]
[2024-12-21 14:09:06,459: INFO: common: yaml file: config\config.yaml loaded successfully]
[2024-12-21 14:40:22,924: INFO: common: yaml file: config\config.yaml loaded successfully]
[2024-12-21 14:40:28,820: INFO: common: yaml file: config\config.yaml loaded successfully]
[2024-12-21 14:49:25,302: INFO: common: yaml file: config\config.yaml loaded successfully]
[2024-12-21 14:53:41,008: INFO: common: yaml file: config\config.yaml loaded successfully]
[2024-12-21 15:00:53,998: INFO: common: yaml file: config\config.yaml loaded successfully]
[2024-12-21 15:15:51,322: INFO: common: created directory at: artifacts]
[2024-12-21 15:15:51,324: INFO: common: created directory at: artifacts/data_ingestion]
[2024-12-21 15:15:51,326: INFO: 986331348: Downloading data from https://drive.google.com/file/d/1n7jD1lU3Bi-J1M_JjP863Y_SYgGn5PeJ/view?usp=sharing into file artifacts/data_ingestion/data.zip]
[2024-12-21 15:19:30,829: INFO: common: created directory at: artifacts]
[2024-12-21 15:19:30,832: INFO: common: created directory at: artifacts/data_ingestion]
[2024-12-21 15:19:30,835: INFO: 986331348: Downloading data from https://drive.google.com/file/d/1n7jD1lU3Bi-J1M_JjP863Y_SYgGn5PeJ/view?usp=sharing into file artifacts/data_ingestion/data.zip]
[2024-12-21 15:21:41,852: INFO: common: created directory at: artifacts]
[2024-12-21 15:21:41,854: INFO: common: created directory at: artifacts/data_ingestion]
[2024-12-21 15:21:41,856: INFO: 986331348: Downloading data from https://drive.google.com/file/d/1n7jD1lU3Bi-J1M_JjP863Y_SYgGn5PeJ/view?usp=sharing into file artifacts/data_ingestion/data.zip]
[2024-12-22 14:57:56,131: INFO: main: >>>>>> stage Data Ingestion stage started <<<<<<]
[2024-12-22 14:57:56,148: INFO: common: yaml file: config\config.yaml loaded successfully]
[2024-12-22 14:57:56,151: INFO: common: yaml file: params.yaml loaded successfully]
[2024-12-22 14:57:56,152: INFO: common: created directory at: artifacts]
[2024-12-22 14:57:56,153: INFO: common: created directory at: artifacts/data_ingestion]
[2024-12-22 14:57:56,153: ERROR: main: name 'DataIngestion' is not defined]
Traceback (most recent call last):
  File "C:\Users\admin\OneDrive\Desktop\7th Sem Project\Kidney-Disease-Classification-MLFlow-DVC\main.py", line 8, in <module>
    data_ingestion.main()
  File "c:\users\admin\onedrive\desktop\7th sem project\kidney-disease-classification-mlflow-dvc\src\cnnClassifier\pipeline\stage_01_data_injestion.py", line 14, in main
    data_ingestion = DataIngestion(config=data_ingestion_config)
NameError: name 'DataIngestion' is not defined
[2024-12-22 14:59:14,184: INFO: main: >>>>>> stage Data Ingestion stage started <<<<<<]
[2024-12-22 14:59:14,185: INFO: common: yaml file: config\config.yaml loaded successfully]
[2024-12-22 14:59:14,186: INFO: common: yaml file: params.yaml loaded successfully]
[2024-12-22 14:59:14,186: INFO: common: created directory at: artifacts]
[2024-12-22 14:59:14,187: INFO: common: created directory at: artifacts/data_ingestion]
[2024-12-22 14:59:14,187: ERROR: main: name 'DataIngestion' is not defined]
Traceback (most recent call last):
  File "C:\Users\admin\OneDrive\Desktop\7th Sem Project\Kidney-Disease-Classification-MLFlow-DVC\main.py", line 8, in <module>
    data_ingestion.main()
  File "c:\users\admin\onedrive\desktop\7th sem project\kidney-disease-classification-mlflow-dvc\src\cnnClassifier\pipeline\stage_01_data_injestion.py", line 14, in main
    data_ingestion = DataIngestion(config=data_ingestion_config)
NameError: name 'DataIngestion' is not defined
[2024-12-22 14:59:25,508: INFO: main: >>>>>> stage Data Ingestion stage started <<<<<<]
[2024-12-22 14:59:25,511: INFO: common: yaml file: config\config.yaml loaded successfully]
[2024-12-22 14:59:25,514: INFO: common: yaml file: params.yaml loaded successfully]
[2024-12-22 14:59:25,517: INFO: common: created directory at: artifacts]
[2024-12-22 14:59:25,518: INFO: common: created directory at: artifacts/data_ingestion]
[2024-12-22 14:59:25,519: INFO: data_injestion: Downloading data from https://drive.google.com/file/d/1n7jD1lU3Bi-J1M_JjP863Y_SYgGn5PeJ/view?usp=sharing into file artifacts/data_ingestion/data.zip]
[2024-12-22 15:01:20,076: INFO: data_injestion: Downloaded data from https://drive.google.com/file/d/1n7jD1lU3Bi-J1M_JjP863Y_SYgGn5PeJ/view?usp=sharing into file artifacts/data_ingestion/data.zip]
[2024-12-22 15:01:34,684: INFO: main: >>>>>> stage Data Ingestion stage completed <<<<<<

x==========x]
[2024-12-25 14:25:11,375: INFO: common: yaml file: config\config.yaml loaded successfully]
[2024-12-25 14:25:11,397: INFO: common: yaml file: params.yaml loaded successfully]
[2024-12-25 14:25:11,401: INFO: common: created directory at: artifacts]
[2024-12-25 14:26:54,488: INFO: common: yaml file: config\config.yaml loaded successfully]
[2024-12-25 14:26:54,500: INFO: common: yaml file: params.yaml loaded successfully]
[2024-12-25 14:26:54,505: INFO: common: created directory at: artifacts]
[2024-12-25 14:56:12,159: INFO: common: yaml file: config\config.yaml loaded successfully]
[2024-12-25 14:56:12,177: INFO: common: yaml file: params.yaml loaded successfully]
[2024-12-25 14:56:12,180: INFO: common: created directory at: artifacts]
[2024-12-25 14:56:12,183: INFO: common: created directory at: artifacts/prepare_base_model]
[2024-12-25 14:56:22,877: WARNING: saving_utils: Compiled the loaded model, but the compiled metrics have yet to be built. `model.compile_metrics` will be empty until you train or evaluate the model.]
[2024-12-25 16:06:15,847: INFO: main: >>>>>> stage Data Ingestion stage started <<<<<<]
[2024-12-25 16:06:15,850: INFO: common: yaml file: config\config.yaml loaded successfully]
[2024-12-25 16:06:15,852: INFO: common: yaml file: params.yaml loaded successfully]
[2024-12-25 16:06:15,853: INFO: common: created directory at: artifacts]
[2024-12-25 16:06:15,854: INFO: common: created directory at: artifacts/data_ingestion]
[2024-12-25 16:06:15,854: INFO: data_injestion: Downloading data from https://drive.google.com/file/d/1n7jD1lU3Bi-J1M_JjP863Y_SYgGn5PeJ/view?usp=sharing into file artifacts/data_ingestion/data.zip]
[2024-12-25 16:08:27,191: INFO: data_injestion: Downloaded data from https://drive.google.com/file/d/1n7jD1lU3Bi-J1M_JjP863Y_SYgGn5PeJ/view?usp=sharing into file artifacts/data_ingestion/data.zip]
[2024-12-25 16:08:41,429: INFO: main: >>>>>> stage Data Ingestion stage completed <<<<<<

x==========x]
[2024-12-25 16:23:52,568: INFO: common: yaml file: config\config.yaml loaded successfully]
[2024-12-25 16:23:52,584: INFO: common: yaml file: params.yaml loaded successfully]
[2024-12-25 16:23:52,587: INFO: common: created directory at: artifacts]
[2024-12-25 16:23:52,588: INFO: common: created directory at: artifacts\training]
[2024-12-25 16:24:48,406: INFO: utils: NumExpr defaulting to 8 threads.]
[2024-12-25 16:24:49,408: INFO: main: >>>>>> stage Data Ingestion stage started <<<<<<]
[2024-12-25 16:24:49,410: INFO: common: yaml file: config\config.yaml loaded successfully]
[2024-12-25 16:24:49,413: INFO: common: yaml file: params.yaml loaded successfully]
[2024-12-25 16:24:49,414: INFO: common: created directory at: artifacts]
[2024-12-25 16:24:49,414: INFO: common: created directory at: artifacts/data_ingestion]
[2024-12-25 16:24:49,415: INFO: data_injestion: Downloading data from https://drive.google.com/file/d/1n7jD1lU3Bi-J1M_JjP863Y_SYgGn5PeJ/view?usp=sharing into file artifacts/data_ingestion/data.zip]
[2024-12-25 16:27:52,620: INFO: data_injestion: Downloaded data from https://drive.google.com/file/d/1n7jD1lU3Bi-J1M_JjP863Y_SYgGn5PeJ/view?usp=sharing into file artifacts/data_ingestion/data.zip]
[2024-12-25 16:28:09,847: INFO: main: >>>>>> stage Data Ingestion stage completed <<<<<<

x==========x]
[2024-12-25 16:28:09,848: INFO: main: *******************]
[2024-12-25 16:28:09,849: INFO: main: >>>>>> stage Prepare base model started <<<<<<]
[2024-12-25 16:28:09,852: INFO: common: yaml file: config\config.yaml loaded successfully]
[2024-12-25 16:28:09,854: INFO: common: yaml file: params.yaml loaded successfully]
[2024-12-25 16:28:09,855: INFO: common: created directory at: artifacts]
[2024-12-25 16:28:09,857: INFO: common: created directory at: artifacts/prepare_base_model]
[2024-12-25 16:28:10,624: WARNING: saving_utils: Compiled the loaded model, but the compiled metrics have yet to be built. `model.compile_metrics` will be empty until you train or evaluate the model.]
[2024-12-25 16:28:10,919: INFO: main: >>>>>> stage Prepare base model completed <<<<<<

x==========x]
[2024-12-25 16:28:49,191: INFO: utils: NumExpr defaulting to 8 threads.]
[2024-12-25 16:28:49,899: INFO: main: >>>>>> stage Data Ingestion stage started <<<<<<]
[2024-12-25 16:28:49,902: INFO: common: yaml file: config\config.yaml loaded successfully]
[2024-12-25 16:28:49,904: INFO: common: yaml file: params.yaml loaded successfully]
[2024-12-25 16:28:49,906: INFO: common: created directory at: artifacts]
[2024-12-25 16:28:49,906: INFO: common: created directory at: artifacts/data_ingestion]
[2024-12-25 16:28:49,907: INFO: data_injestion: Downloading data from https://drive.google.com/file/d/1n7jD1lU3Bi-J1M_JjP863Y_SYgGn5PeJ/view?usp=sharing into file artifacts/data_ingestion/data.zip]
[2024-12-25 16:29:28,331: INFO: common: yaml file: config\config.yaml loaded successfully]
[2024-12-25 16:29:28,334: INFO: common: yaml file: params.yaml loaded successfully]
[2024-12-25 16:29:28,337: INFO: common: created directory at: artifacts]
[2024-12-25 16:29:28,338: INFO: common: created directory at: artifacts\training]
[2024-12-25 16:31:34,533: INFO: common: yaml file: config\config.yaml loaded successfully]
[2024-12-25 16:31:34,550: INFO: common: yaml file: params.yaml loaded successfully]
[2024-12-25 16:31:34,553: INFO: common: created directory at: artifacts]
[2024-12-25 16:31:34,556: INFO: common: created directory at: artifacts\training]
[2024-12-25 16:31:35,215: INFO: data_injestion: Downloaded data from https://drive.google.com/file/d/1n7jD1lU3Bi-J1M_JjP863Y_SYgGn5PeJ/view?usp=sharing into file artifacts/data_ingestion/data.zip]
[2024-12-25 16:32:08,044: INFO: main: >>>>>> stage Data Ingestion stage completed <<<<<<

x==========x]
[2024-12-25 16:32:08,077: INFO: main: *******************]
[2024-12-25 16:32:08,085: INFO: main: >>>>>> stage Prepare base model started <<<<<<]
[2024-12-25 16:32:08,119: INFO: common: yaml file: config\config.yaml loaded successfully]
[2024-12-25 16:32:08,135: INFO: common: yaml file: params.yaml loaded successfully]
[2024-12-25 16:32:08,160: INFO: common: created directory at: artifacts]
[2024-12-25 16:32:08,172: INFO: common: created directory at: artifacts/prepare_base_model]
[2024-12-25 16:32:09,745: WARNING: saving_utils: Compiled the loaded model, but the compiled metrics have yet to be built. `model.compile_metrics` will be empty until you train or evaluate the model.]
[2024-12-25 16:32:11,328: INFO: main: >>>>>> stage Prepare base model completed <<<<<<

x==========x]
[2024-12-25 23:34:34,052: INFO: common: yaml file: config\config.yaml loaded successfully]
[2024-12-25 23:34:34,072: INFO: common: yaml file: params.yaml loaded successfully]
[2024-12-25 23:34:34,074: INFO: common: created directory at: artifacts]
[2024-12-25 23:34:34,076: INFO: common: created directory at: artifacts\training]
[2024-12-26 11:01:30,615: INFO: common: yaml file: config\config.yaml loaded successfully]
[2024-12-26 11:01:30,628: INFO: common: yaml file: params.yaml loaded successfully]
[2024-12-26 11:01:30,631: INFO: common: created directory at: artifacts]
[2024-12-26 11:01:30,634: INFO: common: created directory at: artifacts\training]
[2024-12-26 11:14:17,542: INFO: common: yaml file: config\config.yaml loaded successfully]
[2024-12-26 11:14:17,556: INFO: common: yaml file: params.yaml loaded successfully]
[2024-12-26 11:14:17,559: INFO: common: created directory at: artifacts]
[2024-12-26 11:14:17,561: INFO: common: created directory at: artifacts\training]
[2024-12-26 14:27:37,135: INFO: common: yaml file: config\config.yaml loaded successfully]
[2024-12-26 14:27:37,147: INFO: common: yaml file: params.yaml loaded successfully]
[2024-12-26 14:27:37,149: INFO: common: created directory at: artifacts]
[2024-12-26 14:27:37,151: INFO: common: created directory at: artifacts\training]
[2024-12-26 14:27:56,254: INFO: common: yaml file: config\config.yaml loaded successfully]
[2024-12-26 14:27:56,264: INFO: common: yaml file: params.yaml loaded successfully]
[2024-12-26 14:27:56,267: INFO: common: created directory at: artifacts]
[2024-12-26 14:27:56,268: INFO: common: created directory at: artifacts\training]
[2024-12-26 15:55:27,736: INFO: common: yaml file: config\config.yaml loaded successfully]
[2024-12-26 15:55:27,751: INFO: common: yaml file: params.yaml loaded successfully]
[2024-12-26 15:55:27,753: INFO: common: created directory at: artifacts]
[2024-12-26 15:55:27,754: INFO: common: created directory at: artifacts\training]
[2024-12-27 11:40:09,998: INFO: common: yaml file: config\config.yaml loaded successfully]
[2024-12-27 11:40:10,010: INFO: common: yaml file: params.yaml loaded successfully]
[2024-12-27 11:40:10,014: INFO: common: created directory at: artifacts]
[2024-12-27 11:40:10,019: INFO: common: created directory at: artifacts\training]
[2024-12-28 07:03:01,845: INFO: common: yaml file: config\config.yaml loaded successfully]
[2024-12-28 07:03:01,864: INFO: common: yaml file: params.yaml loaded successfully]
[2024-12-28 07:03:01,865: INFO: common: created directory at: artifacts]
[2024-12-28 07:03:01,867: INFO: common: created directory at: artifacts\training]
[2024-12-29 14:58:17,534: INFO: common: yaml file: config\config.yaml loaded successfully]
[2024-12-29 14:58:17,554: INFO: common: yaml file: params.yaml loaded successfully]
[2024-12-29 14:58:17,558: INFO: common: created directory at: artifacts]
[2024-12-29 14:58:17,560: INFO: common: created directory at: artifacts\training]
[2024-12-30 20:23:42,345: INFO: utils: NumExpr defaulting to 8 threads.]
[2024-12-30 20:23:44,823: INFO: main: >>>>>> stage Data Ingestion stage started <<<<<<]
[2024-12-30 20:23:44,854: INFO: common: yaml file: config\config.yaml loaded successfully]
[2024-12-30 20:23:44,877: INFO: common: yaml file: params.yaml loaded successfully]
[2024-12-30 20:23:44,879: INFO: common: created directory at: artifacts]
[2024-12-30 20:23:44,882: INFO: common: created directory at: artifacts/data_ingestion]
[2024-12-30 20:23:44,883: INFO: data_injestion: Downloading data from https://drive.google.com/file/d/1n7jD1lU3Bi-J1M_JjP863Y_SYgGn5PeJ/view?usp=sharing into file artifacts/data_ingestion/data.zip]
[2024-12-30 20:27:14,086: INFO: data_injestion: Downloaded data from https://drive.google.com/file/d/1n7jD1lU3Bi-J1M_JjP863Y_SYgGn5PeJ/view?usp=sharing into file artifacts/data_ingestion/data.zip]
[2024-12-30 20:27:43,905: INFO: main: >>>>>> stage Data Ingestion stage completed <<<<<<

x==========x]
[2024-12-30 20:27:43,906: INFO: main: *******************]
[2024-12-30 20:27:43,908: INFO: main: >>>>>> stage Prepare base model started <<<<<<]
[2024-12-30 20:27:43,913: INFO: common: yaml file: config\config.yaml loaded successfully]
[2024-12-30 20:27:43,919: INFO: common: yaml file: params.yaml loaded successfully]
[2024-12-30 20:27:43,921: INFO: common: created directory at: artifacts]
[2024-12-30 20:27:43,922: INFO: common: created directory at: artifacts/prepare_base_model]
[2024-12-30 20:27:45,503: WARNING: saving_utils: Compiled the loaded model, but the compiled metrics have yet to be built. `model.compile_metrics` will be empty until you train or evaluate the model.]
[2024-12-30 20:27:46,155: INFO: main: >>>>>> stage Prepare base model completed <<<<<<

x==========x]
[2024-12-30 20:27:46,155: INFO: main: *******************]
[2024-12-30 20:27:46,155: INFO: main: >>>>>> stage Training started <<<<<<]
[2024-12-30 20:27:46,166: INFO: common: yaml file: config\config.yaml loaded successfully]
[2024-12-30 20:27:46,172: INFO: common: yaml file: params.yaml loaded successfully]
[2024-12-30 20:27:46,174: INFO: common: created directory at: artifacts]
[2024-12-30 20:27:46,179: INFO: common: created directory at: artifacts\training]
[2024-12-31 08:52:02,725: INFO: main: >>>>>> stage Training completed <<<<<<

x==========x]
[2024-12-31 21:58:15,049: INFO: common: yaml file: config\config.yaml loaded successfully]
[2024-12-31 21:58:15,085: INFO: common: yaml file: params.yaml loaded successfully]
[2024-12-31 21:58:15,091: INFO: common: created directory at: artifacts]
[2024-12-31 22:06:06,807: INFO: common: json file saved at: scores.json]
[2024-12-31 22:06:10,301: WARNING: save: Found untraced functions such as _jit_compiled_convolution_op, _jit_compiled_convolution_op, _jit_compiled_convolution_op, _jit_compiled_convolution_op, _jit_compiled_convolution_op while saving (showing 5 of 14). These functions will not be directly callable after loading.]
[2024-12-31 22:06:11,058: INFO: builder_impl: Assets written to: C:\Users\admin\AppData\Local\Temp\tmptj91it_z\model\data\model\assets]
[2024-12-31 22:15:44,356: INFO: common: yaml file: config\config.yaml loaded successfully]
[2024-12-31 22:15:44,361: INFO: common: yaml file: params.yaml loaded successfully]
[2024-12-31 22:15:44,363: INFO: common: created directory at: artifacts]
[2024-12-31 22:23:11,700: INFO: common: json file saved at: scores.json]
[2024-12-31 22:23:15,175: WARNING: save: Found untraced functions such as _jit_compiled_convolution_op, _jit_compiled_convolution_op, _jit_compiled_convolution_op, _jit_compiled_convolution_op, _jit_compiled_convolution_op while saving (showing 5 of 14). These functions will not be directly callable after loading.]
[2024-12-31 22:23:16,182: INFO: builder_impl: Assets written to: C:\Users\admin\AppData\Local\Temp\tmp6cujjnos\model\data\model\assets]
[2024-12-31 22:49:30,980: INFO: main: >>>>>> stage Data Ingestion stage started <<<<<<]
[2024-12-31 22:49:30,984: INFO: common: yaml file: config\config.yaml loaded successfully]
[2024-12-31 22:49:30,987: INFO: common: yaml file: params.yaml loaded successfully]
[2024-12-31 22:49:30,988: INFO: common: created directory at: artifacts]
[2024-12-31 22:49:30,989: INFO: common: created directory at: artifacts/data_ingestion]
[2024-12-31 22:49:30,989: INFO: data_injestion: Downloading data from https://drive.google.com/file/d/1n7jD1lU3Bi-J1M_JjP863Y_SYgGn5PeJ/view?usp=sharing into file artifacts/data_ingestion/data.zip]
[2024-12-31 22:51:52,669: INFO: data_injestion: Downloaded data from https://drive.google.com/file/d/1n7jD1lU3Bi-J1M_JjP863Y_SYgGn5PeJ/view?usp=sharing into file artifacts/data_ingestion/data.zip]
[2024-12-31 22:52:20,873: INFO: main: >>>>>> stage Data Ingestion stage completed <<<<<<

x==========x]
[2024-12-31 22:52:20,873: INFO: main: *******************]
[2024-12-31 22:52:20,875: INFO: main: >>>>>> stage Prepare base model started <<<<<<]
[2024-12-31 22:52:20,885: INFO: common: yaml file: config\config.yaml loaded successfully]
[2024-12-31 22:52:20,891: INFO: common: yaml file: params.yaml loaded successfully]
[2024-12-31 22:52:20,892: INFO: common: created directory at: artifacts]
[2024-12-31 22:52:20,893: INFO: common: created directory at: artifacts/prepare_base_model]
[2024-12-31 22:52:22,149: WARNING: saving_utils: Compiled the loaded model, but the compiled metrics have yet to be built. `model.compile_metrics` will be empty until you train or evaluate the model.]
[2024-12-31 22:52:22,784: INFO: main: >>>>>> stage Prepare base model completed <<<<<<

x==========x]
[2024-12-31 22:52:22,785: INFO: main: *******************]
[2024-12-31 22:52:22,785: INFO: main: >>>>>> stage Training started <<<<<<]
[2024-12-31 22:52:22,791: INFO: common: yaml file: config\config.yaml loaded successfully]
[2024-12-31 22:52:22,796: INFO: common: yaml file: params.yaml loaded successfully]
[2024-12-31 22:52:22,797: INFO: common: created directory at: artifacts]
[2024-12-31 22:52:22,800: INFO: common: created directory at: artifacts\training]
[2025-01-01 15:55:48,542: INFO: main: >>>>>> stage Training completed <<<<<<

x==========x]
[2025-01-01 15:55:48,548: INFO: main: *******************]
[2025-01-01 15:55:48,548: INFO: main: >>>>>> stage Evaluation stage started <<<<<<]
[2025-01-01 15:55:48,574: INFO: common: yaml file: config\config.yaml loaded successfully]
[2025-01-01 15:55:48,595: INFO: common: yaml file: params.yaml loaded successfully]
[2025-01-01 15:55:48,600: INFO: common: created directory at: artifacts]
[2025-01-01 16:05:17,682: INFO: common: json file saved at: scores.json]
[2025-01-01 16:05:17,685: INFO: common: json file saved at: scores.json]
[2025-01-01 16:05:17,686: INFO: main: >>>>>> stage Evaluation stage completed <<<<<<

x==========x]
[2025-01-01 16:27:54,072: INFO: common: yaml file: config\config.yaml loaded successfully]
[2025-01-01 16:27:54,079: INFO: common: yaml file: params.yaml loaded successfully]
[2025-01-01 16:27:54,081: INFO: common: created directory at: artifacts]
[2025-01-01 16:32:54,294: INFO: common: json file saved at: scores.json]
[2025-01-01 16:32:57,641: WARNING: save: Found untraced functions such as _jit_compiled_convolution_op, _jit_compiled_convolution_op, _jit_compiled_convolution_op, _jit_compiled_convolution_op, _jit_compiled_convolution_op while saving (showing 5 of 14). These functions will not be directly callable after loading.]
[2025-01-01 16:32:58,407: INFO: builder_impl: Assets written to: C:\Users\admin\AppData\Local\Temp\tmpyy2tw376\model\data\model\assets]
[2025-01-01 16:34:52,621: INFO: common: yaml file: config\config.yaml loaded successfully]
[2025-01-01 16:34:52,632: INFO: common: yaml file: params.yaml loaded successfully]
[2025-01-01 16:34:52,634: INFO: common: created directory at: artifacts]
[2025-01-01 16:39:46,196: INFO: common: json file saved at: scores.json]
[2025-01-01 16:39:49,100: WARNING: save: Found untraced functions such as _jit_compiled_convolution_op, _jit_compiled_convolution_op, _jit_compiled_convolution_op, _jit_compiled_convolution_op, _jit_compiled_convolution_op while saving (showing 5 of 14). These functions will not be directly callable after loading.]
[2025-01-01 16:39:49,704: INFO: builder_impl: Assets written to: C:\Users\admin\AppData\Local\Temp\tmpnxzg6o7v\model\data\model\assets]
